TN:
SF:src/errors.ts
FN:3,<instance_members_initializer>
FN:14,NexlaError
FN:41,getErrorSummary
FN:58,AuthenticationError
FN:65,AuthorizationError
FN:72,NotFoundError
FN:79,ValidationError
FN:85,<instance_members_initializer>
FN:88,RateLimitError
FN:99,ServerError
FN:106,ResourceConflictError
FN:112,isRecord
FNF:12
FNH:10
FNDA:29,<instance_members_initializer>
FNDA:29,NexlaError
FNDA:1,getErrorSummary
FNDA:5,AuthenticationError
FNDA:0,AuthorizationError
FNDA:13,NotFoundError
FNDA:3,ValidationError
FNDA:2,<instance_members_initializer>
FNDA:2,RateLimitError
FNDA:2,ServerError
FNDA:0,ResourceConflictError
FNDA:154,isRecord
DA:3,1
DA:4,29
DA:5,29
DA:6,29
DA:7,29
DA:8,29
DA:9,29
DA:10,29
DA:11,29
DA:12,29
DA:14,29
DA:15,29
DA:16,29
DA:26,29
DA:27,29
DA:28,29
DA:29,29
DA:30,29
DA:31,29
DA:32,29
DA:33,29
DA:34,29
DA:35,29
DA:36,29
DA:37,29
DA:38,29
DA:39,29
DA:41,29
DA:42,1
DA:43,1
DA:44,1
DA:45,1
DA:46,1
DA:47,1
DA:48,1
DA:49,1
DA:50,1
DA:51,1
DA:52,1
DA:53,1
DA:54,1
DA:55,29
DA:57,1
DA:58,1
DA:59,5
DA:60,5
DA:61,5
DA:62,1
DA:64,1
DA:65,1
DA:66,0
DA:67,0
DA:68,0
DA:69,1
DA:71,1
DA:72,1
DA:73,13
DA:74,13
DA:75,13
DA:76,1
DA:78,1
DA:79,1
DA:80,3
DA:81,3
DA:82,3
DA:83,1
DA:85,1
DA:86,2
DA:88,2
DA:89,2
DA:90,2
DA:91,2
DA:92,2
DA:93,2
DA:94,2
DA:95,2
DA:96,2
DA:98,1
DA:99,1
DA:100,2
DA:101,2
DA:102,2
DA:103,1
DA:105,1
DA:106,1
DA:107,0
DA:108,0
DA:109,0
DA:110,1
DA:112,1
DA:113,154
DA:114,154
LF:92
LH:86
BRDA:3,0,0,29
BRDA:14,1,0,29
BRDA:41,2,0,1
BRDA:52,3,0,0
BRDA:58,4,0,5
BRDA:72,5,0,13
BRDA:79,6,0,3
BRDA:85,7,0,2
BRDA:88,8,0,2
BRDA:99,9,0,2
BRDA:112,10,0,154
BRDA:113,11,0,152
BRF:12
BRH:11
end_of_record
TN:
SF:src/auth/access-token.ts
FN:4,<instance_members_initializer>
FN:8,AccessTokenAuthProvider
FN:15,getAccessToken
FN:19,refreshAccessToken
FN:23,logout
FNF:5
FNH:4
FNDA:10,<instance_members_initializer>
FNDA:10,AccessTokenAuthProvider
FNDA:7,getAccessToken
FNDA:1,refreshAccessToken
FNDA:0,logout
DA:1,1
DA:4,1
DA:5,10
DA:6,10
DA:8,10
DA:9,10
DA:10,0
DA:11,0
DA:12,10
DA:13,10
DA:15,10
DA:16,7
DA:17,7
DA:19,10
DA:20,1
DA:21,1
DA:23,10
DA:25,0
DA:26,10
LF:19
LH:16
BRDA:4,0,0,10
BRDA:8,1,0,10
BRDA:9,2,0,0
BRDA:15,3,0,7
BRDA:19,4,0,1
BRF:5
BRH:4
end_of_record
TN:
SF:src/auth/service-key.ts
FN:13,<instance_members_initializer>
FN:26,ServiceKeyAuthProvider
FN:35,getAccessToken
FN:49,refreshAccessToken
FN:53,logout
FN:75,isTokenNearExpiry
FN:81,obtainSessionToken
FN:123,safeParseJson
FN:135,extractErrorMessage
FNF:9
FNH:9
FNDA:128,<instance_members_initializer>
FNDA:128,ServiceKeyAuthProvider
FNDA:131,getAccessToken
FNDA:2,refreshAccessToken
FNDA:1,logout
FNDA:3,isTokenNearExpiry
FNDA:131,obtainSessionToken
FNDA:131,safeParseJson
FNDA:1,extractErrorMessage
DA:1,1
DA:13,1
DA:14,128
DA:16,128
DA:17,128
DA:18,128
DA:19,128
DA:20,128
DA:21,128
DA:23,128
DA:24,128
DA:26,128
DA:27,128
DA:28,128
DA:29,128
DA:30,128
DA:31,128
DA:32,128
DA:33,128
DA:35,128
DA:36,131
DA:37,128
DA:38,131
DA:39,1
DA:40,1
DA:42,130
DA:43,0
DA:44,0
DA:46,129
DA:47,131
DA:49,128
DA:50,2
DA:51,2
DA:53,128
DA:54,1
DA:56,1
DA:57,1
DA:58,1
DA:59,1
DA:60,1
DA:62,1
DA:63,1
DA:64,1
DA:65,1
DA:66,1
DA:67,1
DA:69,1
DA:70,1
DA:71,1
DA:72,1
DA:73,1
DA:75,128
DA:76,3
DA:77,3
DA:78,3
DA:79,3
DA:81,128
DA:82,131
DA:83,131
DA:84,131
DA:85,131
DA:86,131
DA:87,131
DA:89,131
DA:90,131
DA:91,131
DA:92,131
DA:94,131
DA:95,1
DA:96,1
DA:98,1
DA:99,1
DA:100,1
DA:102,0
DA:103,0
DA:105,130
DA:106,131
DA:107,1
DA:108,1
DA:110,129
DA:111,129
DA:113,130
DA:114,1
DA:115,1
DA:117,131
DA:118,131
DA:119,131
DA:120,131
DA:121,128
DA:123,1
DA:124,131
DA:125,131
DA:126,1
DA:127,1
DA:128,130
DA:129,130
DA:130,130
DA:131,0
DA:132,0
DA:133,131
DA:135,1
DA:136,1
DA:137,1
DA:138,1
DA:139,0
DA:140,0
DA:141,1
DA:142,0
DA:143,0
DA:144,0
LF:110
LH:99
BRDA:13,0,0,128
BRDA:26,1,0,128
BRDA:35,2,0,131
BRDA:36,3,0,128
BRDA:37,4,0,126
BRDA:38,5,0,130
BRDA:38,6,0,3
BRDA:38,7,0,1
BRDA:40,8,0,129
BRDA:42,9,0,0
BRDA:44,10,0,129
BRDA:49,11,0,2
BRDA:50,12,0,1
BRDA:53,13,0,1
BRDA:54,14,0,0
BRDA:60,15,0,0
BRDA:66,16,0,0
BRDA:75,17,0,3
BRDA:76,18,0,0
BRDA:81,19,0,131
BRDA:87,20,0,0
BRDA:94,21,0,1
BRDA:96,22,0,0
BRDA:100,23,0,0
BRDA:103,24,0,130
BRDA:106,25,0,1
BRDA:108,26,0,130
BRDA:108,27,0,129
BRDA:113,28,0,1
BRDA:115,29,0,128
BRDA:117,30,0,0
BRDA:123,31,0,131
BRDA:124,32,0,0
BRDA:125,33,0,1
BRDA:127,34,0,130
BRDA:130,35,0,0
BRDA:135,36,0,1
BRDA:138,37,0,0
BRDA:141,38,0,0
BRF:39
BRH:26
end_of_record
TN:
SF:src/client/http.ts
FN:10,createFetchWithRetry
FN:41,shouldRetryResponse
FN:45,computeRetryDelay
FN:59,sleep
FNF:4
FNH:4
FNDA:134,createFetchWithRetry
FNDA:137,shouldRetryResponse
FNDA:3,computeRetryDelay
FNDA:3,sleep
DA:8,1
DA:10,1
DA:11,134
DA:12,134
DA:13,134
DA:14,134
DA:16,134
DA:17,134
DA:19,134
DA:20,134
DA:21,137
DA:22,137
DA:23,137
DA:24,137
DA:25,3
DA:26,3
DA:27,3
DA:28,3
DA:29,3
DA:30,134
DA:31,137
DA:32,0
DA:33,0
DA:34,0
DA:35,0
DA:36,0
DA:37,137
DA:38,134
DA:39,134
DA:41,1
DA:42,137
DA:43,137
DA:45,1
DA:46,3
DA:47,3
DA:48,1
DA:49,1
DA:50,1
DA:51,1
DA:52,1
DA:54,2
DA:55,2
DA:56,2
DA:57,2
DA:59,1
LF:45
LH:40
BRDA:10,0,0,134
BRDA:11,1,0,130
BRDA:12,2,0,131
BRDA:13,3,0,131
BRDA:16,4,0,134
BRDA:20,5,0,137
BRDA:21,6,0,134
BRDA:21,7,0,3
BRDA:24,8,0,4
BRDA:24,9,0,136
BRDA:24,10,0,3
BRDA:29,11,0,134
BRDA:31,12,0,0
BRDA:41,13,0,137
BRDA:45,14,0,3
BRDA:47,15,0,1
BRDA:52,16,0,2
BRDA:59,17,0,3
BRDA:59,18,0,3
BRF:19
BRH:18
end_of_record
TN:
SF:src/client/nexla-client.ts
FN:26,<instance_members_initializer>
FN:35,NexlaClient
FN:74,onRequest
FN:102,request
FN:107,execute
FN:127,requestOperation
FN:137,logout
FN:141,invoke
FN:168,mapError
FN:193,extractErrorMessage
FN:204,parseRetryAfter
FNF:11
FNH:10
FNDA:131,<instance_members_initializer>
FNDA:131,NexlaClient
FNDA:131,onRequest
FNDA:130,request
FNDA:131,execute
FNDA:122,requestOperation
FNDA:0,logout
FNDA:131,invoke
FNDA:22,mapError
FNDA:22,extractErrorMessage
FNDA:1,parseRetryAfter
DA:1,1
DA:26,1
DA:27,131
DA:28,131
DA:29,131
DA:30,131
DA:31,131
DA:32,131
DA:35,131
DA:36,131
DA:37,131
DA:39,131
DA:40,0
DA:41,0
DA:42,0
DA:43,0
DA:44,131
DA:45,0
DA:46,0
DA:48,131
DA:49,131
DA:50,131
DA:52,131
DA:53,131
DA:55,131
DA:56,123
DA:57,123
DA:58,123
DA:59,123
DA:60,123
DA:61,123
DA:62,123
DA:63,123
DA:64,123
DA:65,123
DA:66,123
DA:67,131
DA:68,8
DA:69,8
DA:71,131
DA:73,131
DA:74,131
DA:75,131
DA:76,131
DA:77,131
DA:79,131
DA:80,131
DA:81,0
DA:82,0
DA:83,131
DA:84,1
DA:85,1
DA:86,131
DA:87,130
DA:88,130
DA:89,130
DA:91,131
DA:92,131
DA:93,131
DA:95,131
DA:96,0
DA:97,0
DA:99,131
DA:100,131
DA:102,131
DA:103,130
DA:104,130
DA:105,130
DA:106,130
DA:107,130
DA:108,131
DA:109,131
DA:110,131
DA:111,22
DA:112,22
DA:113,109
DA:114,131
DA:116,130
DA:117,130
DA:118,130
DA:119,22
DA:120,2
DA:121,1
DA:122,1
DA:123,20
DA:124,20
DA:125,130
DA:127,131
DA:128,122
DA:129,122
DA:130,122
DA:131,122
DA:132,122
DA:133,122
DA:134,106
DA:135,122
DA:137,131
DA:138,0
DA:139,0
DA:141,131
DA:142,131
DA:143,131
DA:144,131
DA:145,131
DA:146,131
DA:147,131
DA:148,65
DA:149,131
DA:150,16
DA:151,131
DA:152,38
DA:153,131
DA:154,0
DA:155,131
DA:156,12
DA:157,131
DA:158,0
DA:159,131
DA:160,0
DA:161,131
DA:162,0
DA:163,131
DA:164,0
DA:165,131
DA:166,131
DA:168,131
DA:169,22
DA:170,22
DA:172,22
DA:173,3
DA:174,3
DA:175,21
DA:176,13
DA:177,13
DA:178,22
DA:179,3
DA:180,3
DA:181,5
DA:182,1
DA:183,1
DA:184,1
DA:185,2
DA:186,2
DA:187,2
DA:189,0
DA:190,22
DA:191,131
DA:193,1
DA:194,22
DA:195,21
DA:196,21
DA:197,1
DA:198,1
DA:199,21
DA:200,1
DA:201,1
DA:202,1
DA:204,1
DA:205,1
DA:206,1
DA:207,1
DA:208,1
LF:162
LH:144
BRDA:26,0,0,131
BRDA:35,1,0,131
BRDA:36,2,0,8
BRDA:37,3,0,123
BRDA:39,4,0,8
BRDA:39,5,0,0
BRDA:44,6,0,123
BRDA:44,7,0,0
BRDA:48,8,0,0
BRDA:48,9,0,0
BRDA:52,10,0,0
BRDA:55,11,0,123
BRDA:64,12,0,0
BRDA:67,13,0,8
BRDA:68,14,0,0
BRDA:95,15,0,0
BRDA:74,16,0,131
BRDA:80,17,0,0
BRDA:80,18,0,0
BRDA:80,19,0,0
BRDA:83,20,0,1
BRDA:86,21,0,130
BRDA:102,22,0,130
BRDA:118,23,0,22
BRDA:119,24,0,3
BRDA:119,25,0,2
BRDA:120,26,0,1
BRDA:122,27,0,20
BRDA:107,28,0,131
BRDA:110,29,0,22
BRDA:111,30,0,0
BRDA:112,31,0,109
BRDA:127,32,0,122
BRDA:133,33,0,106
BRDA:141,34,0,131
BRDA:147,35,0,65
BRDA:149,36,0,16
BRDA:151,37,0,38
BRDA:153,38,0,0
BRDA:155,39,0,12
BRDA:157,40,0,0
BRDA:159,41,0,0
BRDA:161,42,0,0
BRDA:163,43,0,0
BRDA:168,44,0,22
BRDA:169,45,0,1
BRDA:172,46,0,20
BRDA:172,47,0,21
BRDA:172,48,0,19
BRDA:172,49,0,3
BRDA:175,50,0,13
BRDA:177,51,0,6
BRDA:178,52,0,8
BRDA:178,53,0,3
BRDA:180,54,0,5
BRDA:180,55,0,3
BRDA:181,56,0,1
BRDA:183,57,0,0
BRDA:184,58,0,2
BRDA:187,59,0,0
BRDA:193,60,0,22
BRDA:194,61,0,21
BRDA:196,62,0,20
BRDA:196,63,0,1
BRDA:199,64,0,1
BRDA:200,65,0,0
BRDA:204,66,0,1
BRDA:205,67,0,0
BRDA:207,68,0,0
BRF:69
BRH:47
end_of_record
TN:
SF:src/client/operation-types.ts
FN:1,(empty-report)
FNF:1
FNH:0
FNDA:0,(empty-report)
DA:1,0
DA:2,0
DA:3,0
DA:4,0
DA:5,0
DA:6,0
DA:7,0
DA:8,0
DA:9,0
DA:10,0
DA:11,0
DA:12,0
DA:13,0
DA:14,0
DA:15,0
DA:16,0
DA:17,0
DA:18,0
DA:19,0
LF:19
LH:0
BRDA:1,0,0,0
BRF:1
BRH:0
end_of_record
TN:
SF:src/resources/resource-client.ts
FN:17,<instance_members_initializer>
FN:21,ResourceClient
FN:26,list
FN:30,get
FN:34,create
FN:38,update
FN:42,delete
FN:46,call
FNF:8
FNH:4
FNDA:1,<instance_members_initializer>
FNDA:1,ResourceClient
FNDA:0,list
FNDA:0,get
FNDA:1,create
FNDA:0,update
FNDA:0,delete
FNDA:1,call
DA:1,1
DA:17,1
DA:18,1
DA:19,1
DA:21,1
DA:22,1
DA:23,1
DA:24,1
DA:26,1
DA:27,0
DA:28,0
DA:30,1
DA:31,0
DA:32,0
DA:34,1
DA:35,1
DA:36,1
DA:38,1
DA:39,0
DA:40,0
DA:42,1
DA:43,0
DA:44,0
DA:46,1
DA:47,1
DA:49,1
DA:50,0
DA:51,0
DA:53,1
DA:54,1
DA:56,1
DA:57,1
DA:58,1
LF:33
LH:23
BRDA:17,0,0,1
BRDA:21,1,0,1
BRDA:34,2,0,1
BRDA:46,3,0,1
BRDA:49,4,0,0
BRF:5
BRH:4
end_of_record
TN:
SF:src/webhooks/index.ts
FN:15,<instance_members_initializer>
FN:19,WebhooksClient
FN:24,sendOneRecord
FN:32,sendManyRecords
FN:40,makeRequest
FN:76,safeParseJson
FN:88,extractErrorMessage
FNF:7
FNH:6
FNDA:3,<instance_members_initializer>
FNDA:3,WebhooksClient
FNDA:3,sendOneRecord
FNDA:0,sendManyRecords
FNDA:3,makeRequest
FNDA:3,safeParseJson
FNDA:1,extractErrorMessage
DA:1,1
DA:15,1
DA:16,3
DA:17,3
DA:19,3
DA:20,3
DA:21,3
DA:22,3
DA:24,3
DA:25,3
DA:26,3
DA:27,3
DA:28,3
DA:29,3
DA:30,3
DA:32,3
DA:33,0
DA:34,0
DA:35,0
DA:36,0
DA:37,0
DA:38,0
DA:40,3
DA:41,3
DA:42,3
DA:43,3
DA:44,3
DA:45,3
DA:46,3
DA:48,3
DA:49,2
DA:50,2
DA:51,3
DA:52,3
DA:53,3
DA:55,3
DA:56,3
DA:57,1
DA:58,1
DA:60,3
DA:61,3
DA:62,3
DA:63,3
DA:64,3
DA:66,3
DA:67,1
DA:68,1
DA:69,1
DA:70,1
DA:72,2
DA:73,3
DA:74,3
DA:76,1
DA:77,3
DA:78,3
DA:79,0
DA:80,0
DA:81,3
DA:82,3
DA:83,3
DA:84,0
DA:85,0
DA:86,3
DA:88,1
DA:89,1
DA:90,1
DA:91,1
DA:92,1
DA:93,1
DA:94,1
DA:95,0
DA:96,0
LF:72
LH:60
BRDA:15,0,0,3
BRDA:19,1,0,3
BRDA:21,2,0,0
BRDA:24,3,0,3
BRDA:40,4,0,3
BRDA:45,5,0,1
BRDA:45,6,0,2
BRDA:48,7,0,2
BRDA:51,8,0,1
BRDA:51,9,0,0
BRDA:52,10,0,1
BRDA:52,11,0,0
BRDA:53,12,0,1
BRDA:53,13,0,0
BRDA:56,14,0,1
BRDA:66,15,0,1
BRDA:68,16,0,0
BRDA:68,17,0,0
BRDA:70,18,0,2
BRDA:76,19,0,3
BRDA:77,20,0,0
BRDA:78,21,0,0
BRDA:83,22,0,0
BRDA:88,23,0,1
BRDA:91,24,0,0
BRDA:94,25,0,0
BRF:26
BRH:15
end_of_record
